# JRE version: OpenJDK Runtime Environment GraalVM CE 22.3.0 (17.0.5+8) (build 17.0.5+8-jvmci-22.3-b08)
# Java VM: OpenJDK 64-Bit Server VM GraalVM CE 22.3.0 (17.0.5+8-jvmci-22.3-b08, mixed mode, sharing, tiered, jvmci, jvmci compiler, compressed oops, compressed class ptrs, parallel gc, linux-amd64)
GC Precious Log:
 CPUs: 8 total, 1 available
 Memory: 1024M
 Large Page Support: Disabled
 NUMA Support: Disabled
 Compressed Oops: Enabled (32-bit)
 Alignments: Space 512K, Generation 512K, Heap 2M
 Heap Min Capacity: 100M
 Heap Initial Capacity: 100M
 Heap Max Capacity: 512M
 Pre-touch: Disabled
 Parallel Workers: 1
Heap:
 PSYoungGen      total 54272K, used 39935K [0x00000000f5580000, 0x00000000f9c00000, 0x0000000100000000)
  eden space 39936K, 99% used [0x00000000f5580000,0x00000000f7c7fff0,0x00000000f7c80000)
  from space 14336K, 0% used [0x00000000f8d80000,0x00000000f8d80000,0x00000000f9b80000)
  to   space 15360K, 0% used [0x00000000f7d80000,0x00000000f7d80000,0x00000000f8c80000)
 ParOldGen       total 349696K, used 349696K [0x00000000e0000000, 0x00000000f5580000, 0x00000000f5580000)
  object space 349696K, 100% used [0x00000000e0000000,0x00000000f5580000,0x00000000f5580000)
 Metaspace       used 58992K, committed 60160K, reserved 1105920K
  class space    used 5901K, committed 6400K, reserved 1048576K
GC Heap History (20 events):
Event: 425.998 GC heap before
{Heap before GC invocations=421 (full 347):
 PSYoungGen      total 54272K, used 39935K [0x00000000f5580000, 0x00000000f9c00000, 0x0000000100000000)
  eden space 39936K, 99% used [0x00000000f5580000,0x00000000f7c7fff8,0x00000000f7c80000)
  from space 14336K, 0% used [0x00000000f8d80000,0x00000000f8d80000,0x00000000f9b80000)
  to   space 15360K, 0% used [0x00000000f7d80000,0x00000000f7d80000,0x00000000f8c80000)
 ParOldGen       total 349696K, used 349693K [0x00000000e0000000, 0x00000000f5580000, 0x00000000f5580000)
  object space 349696K, 99% used [0x00000000e0000000,0x00000000f557f7b0,0x00000000f5580000)
 Metaspace       used 58992K, committed 60160K, reserved 1105920K
  class space    used 5901K, committed 6400K, reserved 1048576K
}
Event: 427.190 GC heap after
{Heap after GC invocations=421 (full 347):
 PSYoungGen      total 55296K, used 39935K [0x00000000f5580000, 0x00000000f9c00000, 0x0000000100000000)
  eden space 39936K, 99% used [0x00000000f5580000,0x00000000f7c7fd70,0x00000000f7c80000)
  from space 15360K, 0% used [0x00000000f7d80000,0x00000000f7d80000,0x00000000f8c80000)
  to   space 14336K, 0% used [0x00000000f8d80000,0x00000000f8d80000,0x00000000f9b80000)
 ParOldGen       total 349696K, used 349693K [0x00000000e0000000, 0x00000000f5580000, 0x00000000f5580000)
  object space 349696K, 99% used [0x00000000e0000000,0x00000000f557f508,0x00000000f5580000)
 Metaspace       used 58992K, committed 60160K, reserved 1105920K
  class space    used 5901K, committed 6400K, reserved 1048576K
}
Event: 427.237 GC heap before
{Heap before GC invocations=422 (full 348):
 PSYoungGen      total 55296K, used 39936K [0x00000000f5580000, 0x00000000f9c00000, 0x0000000100000000)
  eden space 39936K, 100% used [0x00000000f5580000,0x00000000f7c80000,0x00000000f7c80000)
  from space 15360K, 0% used [0x00000000f7d80000,0x00000000f7d80000,0x00000000f8c80000)
  to   space 14336K, 0% used [0x00000000f8d80000,0x00000000f8d80000,0x00000000f9b80000)
 ParOldGen       total 349696K, used 349693K [0x00000000e0000000, 0x00000000f5580000, 0x00000000f5580000)
  object space 349696K, 99% used [0x00000000e0000000,0x00000000f557f508,0x00000000f5580000)
 Metaspace       used 58992K, committed 60160K, reserved 1105920K
  class space    used 5901K, committed 6400K, reserved 1048576K
}
Event: 428.388 GC heap after
{Heap after GC invocations=422 (full 348):
 PSYoungGen      total 54272K, used 39935K [0x00000000f5580000, 0x00000000f9c00000, 0x0000000100000000)
  eden space 39936K, 99% used [0x00000000f5580000,0x00000000f7c7fde0,0x00000000f7c80000)
  from space 14336K, 0% used [0x00000000f8d80000,0x00000000f8d80000,0x00000000f9b80000)
  to   space 15360K, 0% used [0x00000000f7d80000,0x00000000f7d80000,0x00000000f8c80000)
 ParOldGen       total 349696K, used 349693K [0x00000000e0000000, 0x00000000f5580000, 0x00000000f5580000)
  object space 349696K, 99% used [0x00000000e0000000,0x00000000f557f4f0,0x00000000f5580000)
 Metaspace       used 58992K, committed 60160K, reserved 1105920K
  class space    used 5901K, committed 6400K, reserved 1048576K
}
Event: 428.389 GC heap before
{Heap before GC invocations=423 (full 349):
 PSYoungGen      total 54272K, used 39935K [0x00000000f5580000, 0x00000000f9c00000, 0x0000000100000000)
  eden space 39936K, 99% used [0x00000000f5580000,0x00000000f7c7fff0,0x00000000f7c80000)
  from space 14336K, 0% used [0x00000000f8d80000,0x00000000f8d80000,0x00000000f9b80000)
  to   space 15360K, 0% used [0x00000000f7d80000,0x00000000f7d80000,0x00000000f8c80000)
 ParOldGen       total 349696K, used 349693K [0x00000000e0000000, 0x00000000f5580000, 0x00000000f5580000)
  object space 349696K, 99% used [0x00000000e0000000,0x00000000f557f4f0,0x00000000f5580000)
 Metaspace       used 58992K, committed 60160K, reserved 1105920K
  class space    used 5901K, committed 6400K, reserved 1048576K
}
Event: 429.477 GC heap after
{Heap after GC invocations=423 (full 349):
 PSYoungGen      total 55296K, used 39935K [0x00000000f5580000, 0x00000000f9c00000, 0x0000000100000000)
  eden space 39936K, 99% used [0x00000000f5580000,0x00000000f7c7ff90,0x00000000f7c80000)
  from space 15360K, 0% used [0x00000000f7d80000,0x00000000f7d80000,0x00000000f8c80000)
  to   space 14336K, 0% used [0x00000000f8d80000,0x00000000f8d80000,0x00000000f9b80000)
 ParOldGen       total 349696K, used 349693K [0x00000000e0000000, 0x00000000f5580000, 0x00000000f5580000)
  object space 349696K, 99% used [0x00000000e0000000,0x00000000f557f4f0,0x00000000f5580000)
 Metaspace       used 58992K, committed 60160K, reserved 1105920K
  class space    used 5901K, committed 6400K, reserved 1048576K
}
Event: 429.479 GC heap before
{Heap before GC invocations=424 (full 350):
 PSYoungGen      total 55296K, used 39935K [0x00000000f5580000, 0x00000000f9c00000, 0x0000000100000000)
  eden space 39936K, 99% used [0x00000000f5580000,0x00000000f7c7fff0,0x00000000f7c80000)
  from space 15360K, 0% used [0x00000000f7d80000,0x00000000f7d80000,0x00000000f8c80000)
  to   space 14336K, 0% used [0x00000000f8d80000,0x00000000f8d80000,0x00000000f9b80000)
 ParOldGen       total 349696K, used 349693K [0x00000000e0000000, 0x00000000f5580000, 0x00000000f5580000)
  object space 349696K, 99% used [0x00000000e0000000,0x00000000f557f4f0,0x00000000f5580000)
 Metaspace       used 58992K, committed 60160K, reserved 1105920K
  class space    used 5901K, committed 6400K, reserved 1048576K
}
Event: 430.802 GC heap after
{Heap after GC invocations=424 (full 350):
 PSYoungGen      total 54272K, used 39935K [0x00000000f5580000, 0x00000000f9c00000, 0x0000000100000000)
  eden space 39936K, 99% used [0x00000000f5580000,0x00000000f7c7fff0,0x00000000f7c80000)
  from space 14336K, 0% used [0x00000000f8d80000,0x00000000f8d80000,0x00000000f9b80000)
  to   space 15360K, 0% used [0x00000000f7d80000,0x00000000f7d80000,0x00000000f8c80000)
 ParOldGen       total 349696K, used 349693K [0x00000000e0000000, 0x00000000f5580000, 0x00000000f5580000)
  object space 349696K, 99% used [0x00000000e0000000,0x00000000f557f4f0,0x00000000f5580000)
 Metaspace       used 58992K, committed 60160K, reserved 1105920K
  class space    used 5901K, committed 6400K, reserved 1048576K
}
Event: 430.803 GC heap before
{Heap before GC invocations=425 (full 351):
 PSYoungGen      total 54272K, used 39935K [0x00000000f5580000, 0x00000000f9c00000, 0x0000000100000000)
  eden space 39936K, 99% used [0x00000000f5580000,0x00000000f7c7fff0,0x00000000f7c80000)
  from space 14336K, 0% used [0x00000000f8d80000,0x00000000f8d80000,0x00000000f9b80000)
  to   space 15360K, 0% used [0x00000000f7d80000,0x00000000f7d80000,0x00000000f8c80000)
 ParOldGen       total 349696K, used 349695K [0x00000000e0000000, 0x00000000f5580000, 0x00000000f5580000)
  object space 349696K, 99% used [0x00000000e0000000,0x00000000f557fd58,0x00000000f5580000)
 Metaspace       used 58992K, committed 60160K, reserved 1105920K
  class space    used 5901K, committed 6400K, reserved 1048576K
}
Event: 432.048 GC heap after
{Heap after GC invocations=425 (full 351):
 PSYoungGen      total 55296K, used 39935K [0x00000000f5580000, 0x00000000f9c00000, 0x0000000100000000)
  eden space 39936K, 99% used [0x00000000f5580000,0x00000000f7c7fdf8,0x00000000f7c80000)
  from space 15360K, 0% used [0x00000000f7d80000,0x00000000f7d80000,0x00000000f8c80000)
  to   space 14336K, 0% used [0x00000000f8d80000,0x00000000f8d80000,0x00000000f9b80000)
 ParOldGen       total 349696K, used 349695K [0x00000000e0000000, 0x00000000f5580000, 0x00000000f5580000)
  object space 349696K, 99% used [0x00000000e0000000,0x00000000f557fd28,0x00000000f5580000)
 Metaspace       used 58992K, committed 60160K, reserved 1105920K
  class space    used 5901K, committed 6400K, reserved 1048576K
}
Event: 432.048 GC heap before
{Heap before GC invocations=426 (full 352):
 PSYoungGen      total 55296K, used 39935K [0x00000000f5580000, 0x00000000f9c00000, 0x0000000100000000)
  eden space 39936K, 99% used [0x00000000f5580000,0x00000000f7c7ffd8,0x00000000f7c80000)
  from space 15360K, 0% used [0x00000000f7d80000,0x00000000f7d80000,0x00000000f8c80000)
  to   space 14336K, 0% used [0x00000000f8d80000,0x00000000f8d80000,0x00000000f9b80000)
 ParOldGen       total 349696K, used 349695K [0x00000000e0000000, 0x00000000f5580000, 0x00000000f5580000)
  object space 349696K, 99% used [0x00000000e0000000,0x00000000f557fd28,0x00000000f5580000)
 Metaspace       used 58992K, committed 60160K, reserved 1105920K
  class space    used 5901K, committed 6400K, reserved 1048576K
}
Event: 433.301 GC heap after
{Heap after GC invocations=426 (full 352):
 PSYoungGen      total 54272K, used 39935K [0x00000000f5580000, 0x00000000f9c00000, 0x0000000100000000)
  eden space 39936K, 99% used [0x00000000f5580000,0x00000000f7c7ffc0,0x00000000f7c80000)
  from space 14336K, 0% used [0x00000000f8d80000,0x00000000f8d80000,0x00000000f9b80000)
  to   space 15360K, 0% used [0x00000000f7d80000,0x00000000f7d80000,0x00000000f8c80000)
 ParOldGen       total 349696K, used 349695K [0x00000000e0000000, 0x00000000f5580000, 0x00000000f5580000)
  object space 349696K, 99% used [0x00000000e0000000,0x00000000f557fd28,0x00000000f5580000)
 Metaspace       used 58992K, committed 60160K, reserved 1105920K
  class space    used 5901K, committed 6400K, reserved 1048576K
}
Event: 433.302 GC heap before
{Heap before GC invocations=427 (full 353):
 PSYoungGen      total 54272K, used 39935K [0x00000000f5580000, 0x00000000f9c00000, 0x0000000100000000)
  eden space 39936K, 99% used [0x00000000f5580000,0x00000000f7c7fff0,0x00000000f7c80000)
  from space 14336K, 0% used [0x00000000f8d80000,0x00000000f8d80000,0x00000000f9b80000)
  to   space 15360K, 0% used [0x00000000f7d80000,0x00000000f7d80000,0x00000000f8c80000)
 ParOldGen       total 349696K, used 349695K [0x00000000e0000000, 0x00000000f5580000, 0x00000000f5580000)
  object space 349696K, 99% used [0x00000000e0000000,0x00000000f557fd28,0x00000000f5580000)
 Metaspace       used 58992K, committed 60160K, reserved 1105920K
  class space    used 5901K, committed 6400K, reserved 1048576K
}
Event: 434.487 GC heap after
{Heap after GC invocations=427 (full 353):
 PSYoungGen      total 55296K, used 39935K [0x00000000f5580000, 0x00000000f9c00000, 0x0000000100000000)
  eden space 39936K, 99% used [0x00000000f5580000,0x00000000f7c7ffd8,0x00000000f7c80000)
  from space 15360K, 0% used [0x00000000f7d80000,0x00000000f7d80000,0x00000000f8c80000)
  to   space 14336K, 0% used [0x00000000f8d80000,0x00000000f8d80000,0x00000000f9b80000)
 ParOldGen       total 349696K, used 349695K [0x00000000e0000000, 0x00000000f5580000, 0x00000000f5580000)
  object space 349696K, 99% used [0x00000000e0000000,0x00000000f557fd28,0x00000000f5580000)
 Metaspace       used 58992K, committed 60160K, reserved 1105920K
  class space    used 5901K, committed 6400K, reserved 1048576K
}
Event: 434.488 GC heap before
{Heap before GC invocations=428 (full 354):
 PSYoungGen      total 55296K, used 39936K [0x00000000f5580000, 0x00000000f9c00000, 0x0000000100000000)
  eden space 39936K, 100% used [0x00000000f5580000,0x00000000f7c80000,0x00000000f7c80000)
  from space 15360K, 0% used [0x00000000f7d80000,0x00000000f7d80000,0x00000000f8c80000)
  to   space 14336K, 0% used [0x00000000f8d80000,0x00000000f8d80000,0x00000000f9b80000)
 ParOldGen       total 349696K, used 349695K [0x00000000e0000000, 0x00000000f5580000, 0x00000000f5580000)
  object space 349696K, 99% used [0x00000000e0000000,0x00000000f557fff8,0x00000000f5580000)
 Metaspace       used 58992K, committed 60160K, reserved 1105920K
  class space    used 5901K, committed 6400K, reserved 1048576K
}
Event: 435.807 GC heap after
{Heap after GC invocations=428 (full 354):
 PSYoungGen      total 54272K, used 39935K [0x00000000f5580000, 0x00000000f9c00000, 0x0000000100000000)
  eden space 39936K, 99% used [0x00000000f5580000,0x00000000f7c7ff90,0x00000000f7c80000)
  from space 14336K, 0% used [0x00000000f8d80000,0x00000000f8d80000,0x00000000f9b80000)
  to   space 15360K, 0% used [0x00000000f7d80000,0x00000000f7d80000,0x00000000f8c80000)
 ParOldGen       total 349696K, used 349695K [0x00000000e0000000, 0x00000000f5580000, 0x00000000f5580000)
  object space 349696K, 99% used [0x00000000e0000000,0x00000000f557fee0,0x00000000f5580000)
 Metaspace       used 58992K, committed 60160K, reserved 1105920K
  class space    used 5901K, committed 6400K, reserved 1048576K
}
Event: 435.808 GC heap before
{Heap before GC invocations=429 (full 355):
 PSYoungGen      total 54272K, used 39935K [0x00000000f5580000, 0x00000000f9c00000, 0x0000000100000000)
  eden space 39936K, 99% used [0x00000000f5580000,0x00000000f7c7fff8,0x00000000f7c80000)
  from space 14336K, 0% used [0x00000000f8d80000,0x00000000f8d80000,0x00000000f9b80000)
  to   space 15360K, 0% used [0x00000000f7d80000,0x00000000f7d80000,0x00000000f8c80000)
 ParOldGen       total 349696K, used 349695K [0x00000000e0000000, 0x00000000f5580000, 0x00000000f5580000)
  object space 349696K, 99% used [0x00000000e0000000,0x00000000f557fee0,0x00000000f5580000)
 Metaspace       used 58992K, committed 60160K, reserved 1105920K
  class space    used 5901K, committed 6400K, reserved 1048576K
}
Event: 437.251 GC heap after
{Heap after GC invocations=429 (full 355):
 PSYoungGen      total 55296K, used 39935K [0x00000000f5580000, 0x00000000f9c00000, 0x0000000100000000)
  eden space 39936K, 99% used [0x00000000f5580000,0x00000000f7c7ffa8,0x00000000f7c80000)
  from space 15360K, 0% used [0x00000000f7d80000,0x00000000f7d80000,0x00000000f8c80000)
  to   space 14336K, 0% used [0x00000000f8d80000,0x00000000f8d80000,0x00000000f9b80000)
 ParOldGen       total 349696K, used 349695K [0x00000000e0000000, 0x00000000f5580000, 0x00000000f5580000)
  object space 349696K, 99% used [0x00000000e0000000,0x00000000f557fee0,0x00000000f5580000)
 Metaspace       used 58992K, committed 60160K, reserved 1105920K
  class space    used 5901K, committed 6400K, reserved 1048576K
}
Event: 437.251 GC heap before
{Heap before GC invocations=430 (full 356):
 PSYoungGen      total 55296K, used 39935K [0x00000000f5580000, 0x00000000f9c00000, 0x0000000100000000)
  eden space 39936K, 99% used [0x00000000f5580000,0x00000000f7c7ffa8,0x00000000f7c80000)
  from space 15360K, 0% used [0x00000000f7d80000,0x00000000f7d80000,0x00000000f8c80000)
  to   space 14336K, 0% used [0x00000000f8d80000,0x00000000f8d80000,0x00000000f9b80000)
 ParOldGen       total 349696K, used 349695K [0x00000000e0000000, 0x00000000f5580000, 0x00000000f5580000)
  object space 349696K, 99% used [0x00000000e0000000,0x00000000f557fee0,0x00000000f5580000)
 Metaspace       used 58992K, committed 60160K, reserved 1105920K
  class space    used 5901K, committed 6400K, reserved 1048576K
}
Event: 438.480 GC heap after
{Heap after GC invocations=430 (full 356):
 PSYoungGen      total 54272K, used 39935K [0x00000000f5580000, 0x00000000f9c00000, 0x0000000100000000)
  eden space 39936K, 99% used [0x00000000f5580000,0x00000000f7c7ffa8,0x00000000f7c80000)
  from space 14336K, 0% used [0x00000000f8d80000,0x00000000f8d80000,0x00000000f9b80000)
  to   space 15360K, 0% used [0x00000000f7d80000,0x00000000f7d80000,0x00000000f8c80000)
 ParOldGen       total 349696K, used 349695K [0x00000000e0000000, 0x00000000f5580000, 0x00000000f5580000)
  object space 349696K, 99% used [0x00000000e0000000,0x00000000f557fee0,0x00000000f5580000)
 Metaspace       used 58992K, committed 60160K, reserved 1105920K
  class space    used 5901K, committed 6400K, reserved 1048576K
}

